01/15/23 13:36:39: Running xcd server. This server was built by gradle.
01/15/23 13:36:39: Server was asked to start on port: '53844'
01/15/23 13:36:39: Server is using token UUID: '1181a2b1-b450-4b48-917f-9c66371e8731'
01/15/23 13:36:39: SESSION_MGR: creating session with session uuid: '6d04a3e9-ade5-4ab9-8d63-1f78fcd2ec76' and name 'default'
01/15/23 13:36:39: Attempting to start server on port '53844'
01/15/23 13:36:39: Running Dispatch Server
01/15/23 13:36:39: Version 2.2.0
01/15/23 13:36:47: Dispatch Server: Accepted socket connection from client
01/15/23 13:36:47: Starting Socket connection
01/15/23 13:36:47: EXCHANGE_TOKEN received, server token: 1181a2b1-b450-4b48-917f-9c66371e8731, passed token: 1181a2b1-b450-4b48-917f-9c66371e8731
01/15/23 13:36:47: SESSION_MGR: creating session with session uuid: '417d7297-64bb-4dcd-b1e7-6595dd289f04' and name 'vitis_hls'
01/15/23 13:36:47: KERNEL_SVC: creating session with uuid: '417d7297-64bb-4dcd-b1e7-6595dd289f04' and name 'vitis_hls'
01/15/23 13:36:47: GUIDANCE_SMGR: creating guidance session with uuid: '417d7297-64bb-4dcd-b1e7-6595dd289f04' and name 'vitis_hls'
01/15/23 13:36:57: STOP_SERVER received, server token: 1181a2b1-b450-4b48-917f-9c66371e8731, passed token: 1181a2b1-b450-4b48-917f-9c66371e8731
01/15/23 13:36:57: Socket received request to stop server.
01/15/23 13:36:57: Dispatch Server: do_await_stop
01/15/23 13:36:57: SERVER: destructor for server bound to port 53844
01/15/23 13:36:57: Server exiting with status 0.
01/15/23 13:36:57: Closing log file.
01/15/23 13:37:08: Running xcd server. This server was built by gradle.
01/15/23 13:37:08: Server was asked to start on port: '53847'
01/15/23 13:37:08: Server is using token UUID: 'db826365-4cb2-4715-9f08-3b29e8ceac0e'
01/15/23 13:37:08: SESSION_MGR: creating session with session uuid: '6d04a3e9-ade5-4ab9-8d63-1f78fcd2ec76' and name 'default'
01/15/23 13:37:08: Attempting to start server on port '53847'
01/15/23 13:37:08: Running Dispatch Server
01/15/23 13:37:08: Version 2.2.0
01/15/23 13:37:17: Dispatch Server: Accepted socket connection from client
01/15/23 13:37:17: Starting Socket connection
01/15/23 13:37:17: EXCHANGE_TOKEN received, server token: db826365-4cb2-4715-9f08-3b29e8ceac0e, passed token: db826365-4cb2-4715-9f08-3b29e8ceac0e
01/15/23 13:37:17: SESSION_MGR: creating session with session uuid: '3c1aa4fa-3908-462a-ac21-9290e88e3667' and name 'vitis_hls'
01/15/23 13:37:17: KERNEL_SVC: creating session with uuid: '3c1aa4fa-3908-462a-ac21-9290e88e3667' and name 'vitis_hls'
01/15/23 13:37:17: GUIDANCE_SMGR: creating guidance session with uuid: '3c1aa4fa-3908-462a-ac21-9290e88e3667' and name 'vitis_hls'
01/15/23 13:37:33: STOP_SERVER received, server token: db826365-4cb2-4715-9f08-3b29e8ceac0e, passed token: db826365-4cb2-4715-9f08-3b29e8ceac0e
01/15/23 13:37:33: Socket received request to stop server.
01/15/23 13:37:33: Dispatch Server: do_await_stop
01/15/23 13:37:33: SERVER: destructor for server bound to port 53847
01/15/23 13:37:33: Server exiting with status 0.
01/15/23 13:37:33: Closing log file.
