#-----------------------------------------------------------
# Vivado v2022.2 (64-bit)
# SW Build 3671981 on Fri Oct 14 05:00:03 MDT 2022
# IP Build 3669848 on Fri Oct 14 08:30:02 MDT 2022
# Start of session at: Thu Jan 12 23:28:22 2023
# Process ID: 19224
# Current directory: C:/Users/Farhad/OneDrive - Universitatea Politehnica Bucuresti/Desktop/SEMESTRUL 1/CN2/Laborator 3 Bonus
# Command line: vivado.exe -gui_launcher_event rodinguilauncherevent8308 C:\Users\Farhad\OneDrive - Universitatea Politehnica Bucuresti\Desktop\SEMESTRUL 1\CN2\Laborator 3 Bonus\Laborator 3 final.xpr
# Log file: C:/Users/Farhad/OneDrive - Universitatea Politehnica Bucuresti/Desktop/SEMESTRUL 1/CN2/Laborator 3 Bonus/vivado.log
# Journal file: C:/Users/Farhad/OneDrive - Universitatea Politehnica Bucuresti/Desktop/SEMESTRUL 1/CN2/Laborator 3 Bonus\vivado.jou
# Running On: DESKTOP-GGE783Q, OS: Windows, CPU Frequency: 3194 MHz, CPU Physical cores: 16, Host memory: 16542 MB
#-----------------------------------------------------------
start_gui
open_project {C:/Users/Farhad/OneDrive - Universitatea Politehnica Bucuresti/Desktop/SEMESTRUL 1/CN2/Laborator 3 Bonus/Laborator 3 final.xpr}
INFO: [ProjectBase 1-489] The host OS only allows 260 characters in a normal path. The project is stored in a path with more than 80 characters. If you experience issues with IP, Block Designs, or files not being found, please consider moving the project to a location with a shorter path. Alternately consider using the OS subst command to map part of the path to a drive letter.
Current project path is 'C:/Users/Farhad/OneDrive - Universitatea Politehnica Bucuresti/Desktop/SEMESTRUL 1/CN2/Laborator 3 Bonus'
WARNING: [Board 49-26] cannot add Board Part xilinx.com:vek280_es:part0:1.0 available at D:/Aplicatii/Vitis/Vivado/2022.2/data/xhub/boards/XilinxBoardStore/boards/Xilinx/vek280/es/1.0/board.xml as part xcve2802-vsvh1760-2lp-e-s-es1 specified in board_part file is either invalid or not available
WARNING: [Board 49-26] cannot add Board Part xilinx.com:vhk158_es:part0:1.0 available at D:/Aplicatii/Vitis/Vivado/2022.2/data/xhub/boards/XilinxBoardStore/boards/Xilinx/vhk158/es/1.0/board.xml as part xcvh1582-vsva3697-2mp-e-s-es1 specified in board_part file is either invalid or not available
WARNING: [Board 49-26] cannot add Board Part xilinx.com:vpk120_es:part0:1.2 available at D:/Aplicatii/Vitis/Vivado/2022.2/data/xhub/boards/XilinxBoardStore/boards/Xilinx/vpk120/es/1.2/board.xml as part xcvp1202-vsva2785-2mp-e-s-es1 specified in board_part file is either invalid or not available
WARNING: [Board 49-26] cannot add Board Part xilinx.com:vpk120_es_revb:part0:1.0 available at D:/Aplicatii/Vitis/Vivado/2022.2/data/xhub/boards/XilinxBoardStore/boards/Xilinx/vpk120_revb/es/1.0/board.xml as part xcvp1202-vsva2785-2mp-e-s-es1 specified in board_part file is either invalid or not available
WARNING: [Board 49-26] cannot add Board Part xilinx.com:vpk180_es:part0:1.0 available at D:/Aplicatii/Vitis/Vivado/2022.2/data/xhub/boards/XilinxBoardStore/boards/Xilinx/vpk180/es/1.0/board.xml as part xcvp1802-lsvc4072-2mp-e-s-es1 specified in board_part file is either invalid or not available
WARNING: [Board 49-26] cannot add Board Part xilinx.com:zcu208ld:part0:2.0 available at D:/Aplicatii/Vitis/Vivado/2022.2/data/xhub/boards/XilinxBoardStore/boards/Xilinx/zcu208ld/production/2.0/board.xml as part xczu58dr-fsvg1517-2-i specified in board_part file is either invalid or not available
WARNING: [Board 49-26] cannot add Board Part xilinx.com:zcu216ld:part0:2.0 available at D:/Aplicatii/Vitis/Vivado/2022.2/data/xhub/boards/XilinxBoardStore/boards/Xilinx/zcu216ld/production/2.0/board.xml as part xczu59dr-ffvf1760-2-i specified in board_part file is either invalid or not available
WARNING: [Board 49-26] cannot add Board Part xilinx.com:zcu670:part0:2.0 available at D:/Aplicatii/Vitis/Vivado/2022.2/data/xhub/boards/XilinxBoardStore/boards/Xilinx/zcu670/2.0/board.xml as part xczu67dr-fsve1156-2-i specified in board_part file is either invalid or not available
WARNING: [Board 49-26] cannot add Board Part xilinx.com:zcu670ld:part0:1.0 available at D:/Aplicatii/Vitis/Vivado/2022.2/data/xhub/boards/XilinxBoardStore/boards/Xilinx/zcu670ld/1.0/board.xml as part xczu57dr-fsve1156-2-i specified in board_part file is either invalid or not available
INFO: [filemgmt 56-3] Default IP Output Path : Could not find the directory 'C:/Users/Farhad/OneDrive - Universitatea Politehnica Bucuresti/Desktop/SEMESTRUL 1/CN2/Laborator 3 Bonus/Laborator 3 final.gen/sources_1'.
Scanning sources...
Finished scanning sources
INFO: [IP_Flow 19-234] Refreshing IP repositories
INFO: [IP_Flow 19-1704] No user IP repositories specified
INFO: [IP_Flow 19-2313] Loaded Vivado IP repository 'D:/Aplicatii/Vitis/Vivado/2022.2/data/ip'.
open_project: Time (s): cpu = 00:00:15 ; elapsed = 00:00:06 . Memory (MB): peak = 1894.602 ; gain = 282.805
update_compile_order -fileset sources_1
exit
INFO: [Common 17-206] Exiting Vivado at Thu Jan 12 23:29:31 2023...
