INFO: [COSIM-47] Using XSIM for RTL simulation.
INFO: [COSIM-14] Instrumenting C test bench ...
   Build using "D:/Aplicatii/Vitis/Vitis_HLS/2022.2/tps/win64/msys64/mingw64/bin/g++"
   Compiling BinToBcd.cpp_pre.cpp.tb.cpp
   Compiling apatb_BinToBcd.cpp
   Compiling BinToBcd-tb.cpp_pre.cpp.tb.cpp
   Compiling apatb_BinToBcd_ir.ll
   Generating cosim.tv.exe
INFO: [COSIM-302] Starting C TB testing ... 
INFO: [COSIM-333] Generating C post check test bench ...
INFO: [COSIM-12] Generating RTL test bench ...
INFO: [COSIM-1] *** C/RTL co-simulation file generation completed. ***
INFO: [COSIM-323] Starting verilog simulation. 
INFO: [COSIM-15] Starting XSIM ...
INFO: [COSIM-316] Starting C post checking ...
Prima cifra: 1 a doua cifra: 4
Test Passed!

D:\CN2\7_segmente\BinToDec\solution1\sim\verilog>set PATH= 

D:\CN2\7_segmente\BinToDec\solution1\sim\verilog>call D:/Aplicatii/Vitis/Vivado/2022.2/bin/xelab xil_defaultlib.apatb_BinToBcd_top glbl -Oenable_linking_all_libraries  -prj BinToBcd.prj -L smartconnect_v1_0 -L axi_protocol_checker_v1_1_12 -L axi_protocol_checker_v1_1_13 -L axis_protocol_checker_v1_1_11 -L axis_protocol_checker_v1_1_12 -L xil_defaultlib -L unisims_ver -L xpm  -L floating_point_v7_0_20 -L floating_point_v7_1_15 --lib "ieee_proposed=./ieee_proposed" -s BinToBcd  
Vivado Simulator v2022.2
Copyright 1986-1999, 2001-2022 Xilinx, Inc. All Rights Reserved.
Running: D:/Aplicatii/Vitis/Vivado/2022.2/bin/unwrapped/win64.o/xelab.exe xil_defaultlib.apatb_BinToBcd_top glbl -Oenable_linking_all_libraries -prj BinToBcd.prj -L smartconnect_v1_0 -L axi_protocol_checker_v1_1_12 -L axi_protocol_checker_v1_1_13 -L axis_protocol_checker_v1_1_11 -L axis_protocol_checker_v1_1_12 -L xil_defaultlib -L unisims_ver -L xpm -L floating_point_v7_0_20 -L floating_point_v7_1_15 --lib ieee_proposed=./ieee_proposed -s BinToBcd 
Multi-threading is on. Using 14 slave threads.
INFO: [VRFC 10-2263] Analyzing SystemVerilog file "D:/CN2/7_segmente/BinToDec/solution1/sim/verilog/glbl.v" into library work
INFO: [VRFC 10-311] analyzing module glbl
INFO: [VRFC 10-2263] Analyzing SystemVerilog file "D:/CN2/7_segmente/BinToDec/solution1/sim/verilog/BinToBcd.autotb.v" into library xil_defaultlib
INFO: [VRFC 10-311] analyzing module apatb_BinToBcd_top
INFO: [VRFC 10-2263] Analyzing SystemVerilog file "D:/CN2/7_segmente/BinToDec/solution1/sim/verilog/BinToBcd.v" into library xil_defaultlib
INFO: [VRFC 10-311] analyzing module BinToBcd
INFO: [VRFC 10-2263] Analyzing SystemVerilog file "D:/CN2/7_segmente/BinToDec/solution1/sim/verilog/BinToBcd_mul_8ns_10ns_17_1_1.v" into library xil_defaultlib
INFO: [VRFC 10-311] analyzing module BinToBcd_mul_8ns_10ns_17_1_1
INFO: [VRFC 10-2263] Analyzing SystemVerilog file "D:/CN2/7_segmente/BinToDec/solution1/sim/verilog/dataflow_monitor.sv" into library xil_defaultlib
INFO: [VRFC 10-311] analyzing module dataflow_monitor
Starting static elaboration
Pass Through NonSizing Optimizer
Completed static elaboration
Starting simulation data flow analysis
Completed simulation data flow analysis
Time Resolution for simulation is 1ps
Compiling package xil_defaultlib.$unit_dataflow_monitor_sv
Compiling module xil_defaultlib.BinToBcd_mul_8ns_10ns_17_1_1(NUM...
Compiling module xil_defaultlib.BinToBcd
Compiling module xil_defaultlib.nodf_module_intf
Compiling module xil_defaultlib.dataflow_monitor
Compiling module xil_defaultlib.apatb_BinToBcd_top
Compiling module work.glbl
Built simulation snapshot BinToBcd

****** xsim v2022.2 (64-bit)
  **** SW Build 3671981 on Fri Oct 14 05:00:03 MDT 2022
  **** IP Build 3669848 on Fri Oct 14 08:30:02 MDT 2022
    ** Copyright 1986-2022 Xilinx, Inc. All Rights Reserved.

source xsim.dir/BinToBcd/xsim_script.tcl
# xsim {BinToBcd} -autoloadwcfg -tclbatch {BinToBcd.tcl}
Time resolution is 1 ps
source BinToBcd.tcl
## run all
////////////////////////////////////////////////////////////////////////////////////
// Inter-Transaction Progress: Completed Transaction / Total Transaction
// Intra-Transaction Progress: Measured Latency / Latency Estimation * 100%
//
// RTL Simulation : "Inter-Transaction Progress" ["Intra-Transaction Progress"] @ "Simulation Time"
////////////////////////////////////////////////////////////////////////////////////
// RTL Simulation : 0 / 1 [n/a] @ "225000"
// RTL Simulation : 1 / 1 [n/a] @ "325000"
////////////////////////////////////////////////////////////////////////////////////
$finish called at time : 575 ns : File "D:/CN2/7_segmente/BinToDec/solution1/sim/verilog/BinToBcd.autotb.v" Line 291
## quit
INFO: [Common 17-206] Exiting xsim at Sun Jan 15 13:25:55 2023...
Prima cifra: 1 a doua cifra: 4
Test Passed!
INFO: [COSIM-1000] *** C/RTL co-simulation finished: PASS ***
INFO: [COSIM-210] Design is translated to an combinational logic. II and Latency will be marked as all 0.
