remark: D:/Aplicatii/Vitis/Vitis_HLS/2022.2/common/technology/autopilot\ap_int_base.h:214:67: Inlining function 'ssdm_int<32, true>::ssdm_int(int)' into 'ap_int_base<32, true>::ap_int_base(int)'
remark: D:/Aplicatii/Vitis/Vitis_HLS/2022.2/common/technology/autopilot\ap_int_base.h:214:67: Inlining function '_ZN8ssdm_intILi9ELb1EEC2EDq9_i' into 'ap_int_base<9, true>::ap_int_base(int)'
remark: D:/Aplicatii/Vitis/Vitis_HLS/2022.2/common/technology/autopilot\ap_int_base.h:1513:337: Inlining function 'ap_int_base<9, true>::ap_int_base(int)' into 'ap_int_base<8, false>::RType<32, true>::div operator/<8, false, 32, true>(ap_int_base<8, false> const&, ap_int_base<32, true> const&)'
remark: D:/Aplicatii/Vitis/Vitis_HLS/2022.2/common/technology/autopilot\ap_int_base.h:1633:2052: Inlining function 'ap_int_base<32, true>::ap_int_base(int)' into 'ap_int_base<8, false>::RType<($_0)32, true>::div operator/<8, false>(ap_int_base<8, false> const&, int)'
remark: D:/Aplicatii/Vitis/Vitis_HLS/2022.2/common/technology/autopilot\ap_int_base.h:1633:2050: Inlining function 'ap_int_base<8, false>::RType<32, true>::div operator/<8, false, 32, true>(ap_int_base<8, false> const&, ap_int_base<32, true> const&)' into 'ap_int_base<8, false>::RType<($_0)32, true>::div operator/<8, false>(ap_int_base<8, false> const&, int)'
remark: D:/Aplicatii/Vitis/Vitis_HLS/2022.2/common/technology/autopilot\ap_int_base.h:185:106: Inlining function '_ZN8ssdm_intILi4ELb0EEC2EDq4_j' into 'ap_int_base<4, false>::ap_int_base<9, true>(ap_int_base<9, true> const&)'
remark: <unknown>:0:0: Inlining function 'ap_int_base<4, false>::ap_int_base<9, true>(ap_int_base<9, true> const&)' into 'ap_uint<4>::ap_uint<9>(ap_int<9> const&)'
remark: D:/Aplicatii/Vitis/Vitis_HLS/2022.2/common/technology/autopilot\ap_int_base.h:185:106: Inlining function '_ZN8ssdm_intILi36ELb1EEC2EDq36_i' into 'ap_int_base<36, true>::ap_int_base<4, false>(ap_int_base<4, false> const&)'
remark: D:/Aplicatii/Vitis/Vitis_HLS/2022.2/common/technology/autopilot\ap_int_base.h:185:106: Inlining function '_ZN8ssdm_intILi36ELb1EEC2EDq36_i' into 'ap_int_base<36, true>::ap_int_base<32, true>(ap_int_base<32, true> const&)'
remark: D:/Aplicatii/Vitis/Vitis_HLS/2022.2/common/technology/autopilot\ap_int_base.h:214:67: Inlining function '_ZN8ssdm_intILi36ELb1EEC2EDq36_i' into 'ap_int_base<36, true>::ap_int_base(int)'
remark: D:/Aplicatii/Vitis/Vitis_HLS/2022.2/common/technology/autopilot\ap_int_base.h:1494:339: Inlining function 'ap_int_base<36, true>::ap_int_base<4, false>(ap_int_base<4, false> const&)' into 'ap_int_base<4, false>::RType<32, true>::mult operator*<4, false, 32, true>(ap_int_base<4, false> const&, ap_int_base<32, true> const&)'
remark: D:/Aplicatii/Vitis/Vitis_HLS/2022.2/common/technology/autopilot\ap_int_base.h:1494:516: Inlining function 'ap_int_base<36, true>::ap_int_base(int)' into 'ap_int_base<4, false>::RType<32, true>::mult operator*<4, false, 32, true>(ap_int_base<4, false> const&, ap_int_base<32, true> const&)'
remark: D:/Aplicatii/Vitis/Vitis_HLS/2022.2/common/technology/autopilot\ap_int_base.h:1494:427: Inlining function 'ap_int_base<36, true>::ap_int_base<32, true>(ap_int_base<32, true> const&)' into 'ap_int_base<4, false>::RType<32, true>::mult operator*<4, false, 32, true>(ap_int_base<4, false> const&, ap_int_base<32, true> const&)'
remark: D:/Aplicatii/Vitis/Vitis_HLS/2022.2/common/technology/autopilot\ap_int_base.h:1633:483: Inlining function 'ap_int_base<32, true>::ap_int_base(int)' into 'ap_int_base<4, false>::RType<($_0)32, true>::mult operator*<4, false>(ap_int_base<4, false> const&, int)'
remark: D:/Aplicatii/Vitis/Vitis_HLS/2022.2/common/technology/autopilot\ap_int_base.h:1633:481: Inlining function 'ap_int_base<4, false>::RType<32, true>::mult operator*<4, false, 32, true>(ap_int_base<4, false> const&, ap_int_base<32, true> const&)' into 'ap_int_base<4, false>::RType<($_0)32, true>::mult operator*<4, false>(ap_int_base<4, false> const&, int)'
remark: D:/Aplicatii/Vitis/Vitis_HLS/2022.2/common/technology/autopilot\ap_int_base.h:185:106: Inlining function '_ZN8ssdm_intILi37ELb1EEC2EDq37_i' into 'ap_int_base<37, true>::ap_int_base<8, false>(ap_int_base<8, false> const&)'
remark: D:/Aplicatii/Vitis/Vitis_HLS/2022.2/common/technology/autopilot\ap_int_base.h:185:106: Inlining function '_ZN8ssdm_intILi37ELb1EEC2EDq37_i' into 'ap_int_base<37, true>::ap_int_base<36, true>(ap_int_base<36, true> const&)'
remark: D:/Aplicatii/Vitis/Vitis_HLS/2022.2/common/technology/autopilot\ap_int_base.h:214:67: Inlining function '_ZN8ssdm_intILi37ELb1EEC2EDq37_i' into 'ap_int_base<37, true>::ap_int_base(int)'
remark: D:/Aplicatii/Vitis/Vitis_HLS/2022.2/common/technology/autopilot\ap_int_base.h:1496:341: Inlining function 'ap_int_base<37, true>::ap_int_base<8, false>(ap_int_base<8, false> const&)' into 'ap_int_base<8, false>::RType<36, true>::minus operator-<8, false, 36, true>(ap_int_base<8, false> const&, ap_int_base<36, true> const&)'
remark: D:/Aplicatii/Vitis/Vitis_HLS/2022.2/common/technology/autopilot\ap_int_base.h:1496:520: Inlining function 'ap_int_base<37, true>::ap_int_base(int)' into 'ap_int_base<8, false>::RType<36, true>::minus operator-<8, false, 36, true>(ap_int_base<8, false> const&, ap_int_base<36, true> const&)'
remark: D:/Aplicatii/Vitis/Vitis_HLS/2022.2/common/technology/autopilot\ap_int_base.h:1496:430: Inlining function 'ap_int_base<37, true>::ap_int_base<36, true>(ap_int_base<36, true> const&)' into 'ap_int_base<8, false>::RType<36, true>::minus operator-<8, false, 36, true>(ap_int_base<8, false> const&, ap_int_base<36, true> const&)'
remark: D:/Aplicatii/Vitis/Vitis_HLS/2022.2/common/technology/autopilot\ap_int_base.h:185:106: Inlining function '_ZN8ssdm_intILi4ELb0EEC2EDq4_j' into 'ap_int_base<4, false>::ap_int_base<37, true>(ap_int_base<37, true> const&)'
remark: <unknown>:0:0: Inlining function 'ap_int_base<4, false>::ap_int_base<37, true>(ap_int_base<37, true> const&)' into 'ap_uint<4>::ap_uint<37>(ap_int<37> const&)'
remark: BinToDec/BinToBcd.cpp:29:27: Inlining function 'ap_int_base<8, false>::RType<($_0)32, true>::div operator/<8, false>(ap_int_base<8, false> const&, int)' into 'BinToBcd(ap_uint<8>, ap_uint<4>&, ap_uint<4>&)'
remark: BinToDec/BinToBcd.cpp:31:31: Inlining function 'ap_int_base<8, false>::RType<36, true>::minus operator-<8, false, 36, true>(ap_int_base<8, false> const&, ap_int_base<36, true> const&)' into 'BinToBcd(ap_uint<8>, ap_uint<4>&, ap_uint<4>&)'
remark: BinToDec/BinToBcd.cpp:31:37: Inlining function 'ap_int_base<4, false>::RType<($_0)32, true>::mult operator*<4, false>(ap_int_base<4, false> const&, int)' into 'BinToBcd(ap_uint<8>, ap_uint<4>&, ap_uint<4>&)'
