In file included from BinToDec/BinToBcd.cpp:1:
In file included from BinToDec/BinToBcd.h:4:
In file included from D:/Aplicatii/Vitis/Vitis_HLS/2022.2/common/technology/autopilot\ap_int.h:12:
D:/Aplicatii/Vitis/Vitis_HLS/2022.2/common/technology/autopilot\ap_int_ref.h:678:9: warning: HLS pragma dump _XLX_SEP_ PragmaIsValid=1_XLX_SEP_ PragmaType=unroll_XLX_SEP_ PragmaContext=_XLX_SEP_ PragmaFunction=and_reduce_XLX_SEP_ PragmaOptions=_XLX_SEP_ [-Wdump-hls-pragmas]
#pragma HLS unroll
        ^
D:/Aplicatii/Vitis/Vitis_HLS/2022.2/common/technology/autopilot\ap_int_ref.h:692:9: warning: HLS pragma dump _XLX_SEP_ PragmaIsValid=1_XLX_SEP_ PragmaType=unroll_XLX_SEP_ PragmaContext=_XLX_SEP_ PragmaFunction=or_reduce_XLX_SEP_ PragmaOptions=_XLX_SEP_ [-Wdump-hls-pragmas]
#pragma HLS unroll
        ^
D:/Aplicatii/Vitis/Vitis_HLS/2022.2/common/technology/autopilot\ap_int_ref.h:706:9: warning: HLS pragma dump _XLX_SEP_ PragmaIsValid=1_XLX_SEP_ PragmaType=unroll_XLX_SEP_ PragmaContext=_XLX_SEP_ PragmaFunction=xor_reduce_XLX_SEP_ PragmaOptions=_XLX_SEP_ [-Wdump-hls-pragmas]
#pragma HLS unroll
        ^
D:/CN2/7_segmente/BinToDec/solution1/csynth.tcl:16:9: warning: HLS pragma dump _XLX_SEP_ PragmaIsValid=1_XLX_SEP_ PragmaType=top_XLX_SEP_ PragmaContext=directive_XLX_SEP_ PragmaFunction=BinToBcd_XLX_SEP_ PragmaOptions=name=BinToBcd_XLX_SEP_ [-Wdump-hls-pragmas]
#pragma HLSDIRECTIVE TOP name=BinToBcd
        ^
BinToDec/BinToBcd.cpp:7:9: warning: HLS pragma dump _XLX_SEP_ PragmaIsValid=1_XLX_SEP_ PragmaType=pipeline_XLX_SEP_ PragmaContext=_XLX_SEP_ PragmaFunction=BinToBcd_XLX_SEP_ PragmaOptions=_XLX_SEP_ [-Wdump-hls-pragmas]
#pragma HLS PIPELINE
        ^
BinToDec/BinToBcd.cpp:10:9: warning: HLS pragma dump _XLX_SEP_ PragmaIsValid=1_XLX_SEP_ PragmaType=interface_XLX_SEP_ PragmaContext=_XLX_SEP_ PragmaFunction=BinToBcd_XLX_SEP_ PragmaOptions=ap_ctrl_none port=return_XLX_SEP_ [-Wdump-hls-pragmas]
#pragma HLS INTERFACE ap_ctrl_none port=return
        ^
BinToDec/BinToBcd.cpp:11:9: warning: HLS pragma dump _XLX_SEP_ PragmaIsValid=1_XLX_SEP_ PragmaType=interface_XLX_SEP_ PragmaContext=_XLX_SEP_ PragmaFunction=BinToBcd_XLX_SEP_ PragmaOptions=ap_none port=switch_input_XLX_SEP_ [-Wdump-hls-pragmas]
#pragma HLS INTERFACE ap_none port=switch_input
        ^
BinToDec/BinToBcd.cpp:12:9: warning: HLS pragma dump _XLX_SEP_ PragmaIsValid=1_XLX_SEP_ PragmaType=interface_XLX_SEP_ PragmaContext=_XLX_SEP_ PragmaFunction=BinToBcd_XLX_SEP_ PragmaOptions=ap_none port=bcd_output_digit_1_XLX_SEP_ [-Wdump-hls-pragmas]
#pragma HLS INTERFACE ap_none port=bcd_output_digit_1
        ^
BinToDec/BinToBcd.cpp:13:9: warning: HLS pragma dump _XLX_SEP_ PragmaIsValid=1_XLX_SEP_ PragmaType=interface_XLX_SEP_ PragmaContext=_XLX_SEP_ PragmaFunction=BinToBcd_XLX_SEP_ PragmaOptions=ap_none port=bcd_output_digit_2_XLX_SEP_ [-Wdump-hls-pragmas]
#pragma HLS INTERFACE ap_none port=bcd_output_digit_2
        ^
9 warnings generated.
