Vivado Simulator v2022.2
Copyright 1986-1999, 2001-2022 Xilinx, Inc. All Rights Reserved.
Running: D:/Aplicatii/Vitis/Vivado/2022.2/bin/unwrapped/win64.o/xelab.exe xil_defaultlib.apatb_seg_7_driver_top glbl -Oenable_linking_all_libraries -prj seg_7_driver.prj -L smartconnect_v1_0 -L axi_protocol_checker_v1_1_12 -L axi_protocol_checker_v1_1_13 -L axis_protocol_checker_v1_1_11 -L axis_protocol_checker_v1_1_12 -L xil_defaultlib -L unisims_ver -L xpm -L floating_point_v7_0_20 -L floating_point_v7_1_15 --lib ieee_proposed=./ieee_proposed -s seg_7_driver 
Multi-threading is on. Using 14 slave threads.
INFO: [VRFC 10-2263] Analyzing SystemVerilog file "D:/CN2/7_segmente/seg_7_driver/solution1/sim/verilog/glbl.v" into library work
INFO: [VRFC 10-311] analyzing module glbl
INFO: [VRFC 10-2263] Analyzing SystemVerilog file "D:/CN2/7_segmente/seg_7_driver/solution1/sim/verilog/seg_7_driver.autotb.v" into library xil_defaultlib
INFO: [VRFC 10-311] analyzing module apatb_seg_7_driver_top
INFO: [VRFC 10-2263] Analyzing SystemVerilog file "D:/CN2/7_segmente/seg_7_driver/solution1/sim/verilog/seg_7_driver.v" into library xil_defaultlib
INFO: [VRFC 10-311] analyzing module seg_7_driver
INFO: [VRFC 10-2263] Analyzing SystemVerilog file "D:/CN2/7_segmente/seg_7_driver/solution1/sim/verilog/seg_7_driver_seg_7_code_V_ROM_AUTO_1R.v" into library xil_defaultlib
INFO: [VRFC 10-311] analyzing module seg_7_driver_seg_7_code_V_ROM_AUTO_1R
INFO: [VRFC 10-2263] Analyzing SystemVerilog file "D:/CN2/7_segmente/seg_7_driver/solution1/sim/verilog/dataflow_monitor.sv" into library xil_defaultlib
INFO: [VRFC 10-311] analyzing module dataflow_monitor
Starting static elaboration
Pass Through NonSizing Optimizer
Completed static elaboration
Starting simulation data flow analysis
Completed simulation data flow analysis
Time Resolution for simulation is 1ps
Compiling package xil_defaultlib.$unit_dataflow_monitor_sv
Compiling module xil_defaultlib.seg_7_driver_seg_7_code_V_ROM_AU...
Compiling module xil_defaultlib.seg_7_driver
Compiling module xil_defaultlib.nodf_module_intf
Compiling module xil_defaultlib.dataflow_monitor
Compiling module xil_defaultlib.apatb_seg_7_driver_top
Compiling module work.glbl
Built simulation snapshot seg_7_driver
