
*** Running vivado
    with args -log design_2_wrapper.vds -m64 -product Vivado -mode batch -messageDb vivado.pb -notrace -source design_2_wrapper.tcl



****** Vivado v2022.2 (64-bit)
  **** SW Build 3671981 on Fri Oct 14 05:00:03 MDT 2022
  **** IP Build 3669848 on Fri Oct 14 08:30:02 MDT 2022
    ** Copyright 1986-2022 Xilinx, Inc. All Rights Reserved.

source design_2_wrapper.tcl -notrace
create_project: Time (s): cpu = 00:00:09 ; elapsed = 00:00:09 . Memory (MB): peak = 1002.879 ; gain = 117.621
INFO: [IP_Flow 19-234] Refreshing IP repositories
INFO: [IP_Flow 19-1704] No user IP repositories specified
INFO: [IP_Flow 19-2313] Loaded Vivado IP repository 'D:/Aplicatii/Vitis/Vivado/2022.2/data/ip'.
add_files: Time (s): cpu = 00:00:00 ; elapsed = 00:00:08 . Memory (MB): peak = 1027.715 ; gain = 24.836
Command: read_checkpoint -auto_incremental -incremental {C:/Users/Farhad/OneDrive - Universitatea Politehnica Bucuresti/Desktop/SEMESTRUL 1/CN2/segmente/segmente.srcs/utils_1/imports/synth_1/design_2_wrapper.dcp}
INFO: [Vivado 12-5825] Read reference checkpoint from C:/Users/Farhad/OneDrive - Universitatea Politehnica Bucuresti/Desktop/SEMESTRUL 1/CN2/segmente/segmente.srcs/utils_1/imports/synth_1/design_2_wrapper.dcp for incremental synthesis
INFO: [Vivado 12-7989] Please ensure there are no constraint changes
Command: synth_design -top design_2_wrapper -part xc7a100tcsg324-1
Starting synth_design
Attempting to get a license for feature 'Synthesis' and/or device 'xc7a100t'
INFO: [Common 17-349] Got license for feature 'Synthesis' and/or device 'xc7a100t'
INFO: [Device 21-403] Loading part xc7a100tcsg324-1
INFO: [Designutils 20-5440] No compile time benefit to using incremental synthesis; A full resynthesis will be run
INFO: [Designutils 20-4379] Flow is switching to default flow due to incremental criteria not met. If you would like to alter this behaviour and have the flow terminate instead, please set the following parameter config_implementation {autoIncr.Synth.RejectBehavior Terminate}
INFO: [Synth 8-7079] Multithreading enabled for synth_design using a maximum of 2 processes.
INFO: [Synth 8-7078] Launching helper process for spawning children vivado processes
INFO: [Synth 8-7075] Helper process launched with PID 26752
INFO: [Synth 8-11241] undeclared symbol 'REGCCE', assumed default net type 'wire' [D:/Aplicatii/Vitis/Vivado/2022.2/data/verilog/src/unimacro/BRAM_SINGLE_MACRO.v:2170]
---------------------------------------------------------------------------------
Starting RTL Elaboration : Time (s): cpu = 00:00:10 ; elapsed = 00:00:10 . Memory (MB): peak = 1838.816 ; gain = 407.270
---------------------------------------------------------------------------------
INFO: [Synth 8-6157] synthesizing module 'design_2_wrapper' [C:/Users/Farhad/OneDrive - Universitatea Politehnica Bucuresti/Desktop/SEMESTRUL 1/CN2/segmente/segmente.gen/sources_1/bd/design_2/hdl/design_2_wrapper.v:12]
INFO: [Synth 8-6157] synthesizing module 'design_2' [c:/Users/Farhad/OneDrive - Universitatea Politehnica Bucuresti/Desktop/SEMESTRUL 1/CN2/segmente/segmente.gen/sources_1/bd/design_2/synth/design_2.v:12]
INFO: [Synth 8-6157] synthesizing module 'design_2_BinToBcd_0_0' [C:/Users/Farhad/OneDrive - Universitatea Politehnica Bucuresti/Desktop/SEMESTRUL 1/CN2/segmente/segmente.runs/synth_1/.Xil/Vivado-24900-DESKTOP-GGE783Q/realtime/design_2_BinToBcd_0_0_stub.v:5]
INFO: [Synth 8-6155] done synthesizing module 'design_2_BinToBcd_0_0' (0#1) [C:/Users/Farhad/OneDrive - Universitatea Politehnica Bucuresti/Desktop/SEMESTRUL 1/CN2/segmente/segmente.runs/synth_1/.Xil/Vivado-24900-DESKTOP-GGE783Q/realtime/design_2_BinToBcd_0_0_stub.v:5]
INFO: [Synth 8-6157] synthesizing module 'design_2_seg_7_0_0' [C:/Users/Farhad/OneDrive - Universitatea Politehnica Bucuresti/Desktop/SEMESTRUL 1/CN2/segmente/segmente.runs/synth_1/.Xil/Vivado-24900-DESKTOP-GGE783Q/realtime/design_2_seg_7_0_0_stub.v:5]
INFO: [Synth 8-6155] done synthesizing module 'design_2_seg_7_0_0' (0#1) [C:/Users/Farhad/OneDrive - Universitatea Politehnica Bucuresti/Desktop/SEMESTRUL 1/CN2/segmente/segmente.runs/synth_1/.Xil/Vivado-24900-DESKTOP-GGE783Q/realtime/design_2_seg_7_0_0_stub.v:5]
INFO: [Synth 8-6157] synthesizing module 'design_2_seg_7_driver_0_0' [C:/Users/Farhad/OneDrive - Universitatea Politehnica Bucuresti/Desktop/SEMESTRUL 1/CN2/segmente/segmente.runs/synth_1/.Xil/Vivado-24900-DESKTOP-GGE783Q/realtime/design_2_seg_7_driver_0_0_stub.v:5]
INFO: [Synth 8-6155] done synthesizing module 'design_2_seg_7_driver_0_0' (0#1) [C:/Users/Farhad/OneDrive - Universitatea Politehnica Bucuresti/Desktop/SEMESTRUL 1/CN2/segmente/segmente.runs/synth_1/.Xil/Vivado-24900-DESKTOP-GGE783Q/realtime/design_2_seg_7_driver_0_0_stub.v:5]
INFO: [Synth 8-6155] done synthesizing module 'design_2' (0#1) [c:/Users/Farhad/OneDrive - Universitatea Politehnica Bucuresti/Desktop/SEMESTRUL 1/CN2/segmente/segmente.gen/sources_1/bd/design_2/synth/design_2.v:12]
INFO: [Synth 8-6155] done synthesizing module 'design_2_wrapper' (0#1) [C:/Users/Farhad/OneDrive - Universitatea Politehnica Bucuresti/Desktop/SEMESTRUL 1/CN2/segmente/segmente.gen/sources_1/bd/design_2/hdl/design_2_wrapper.v:12]
---------------------------------------------------------------------------------
Finished RTL Elaboration : Time (s): cpu = 00:00:13 ; elapsed = 00:00:14 . Memory (MB): peak = 1929.398 ; gain = 497.852
---------------------------------------------------------------------------------
---------------------------------------------------------------------------------
Start Handling Custom Attributes
---------------------------------------------------------------------------------
---------------------------------------------------------------------------------
Finished Handling Custom Attributes : Time (s): cpu = 00:00:13 ; elapsed = 00:00:14 . Memory (MB): peak = 1929.398 ; gain = 497.852
---------------------------------------------------------------------------------
---------------------------------------------------------------------------------
Finished RTL Optimization Phase 1 : Time (s): cpu = 00:00:13 ; elapsed = 00:00:14 . Memory (MB): peak = 1929.398 ; gain = 497.852
---------------------------------------------------------------------------------
Netlist sorting complete. Time (s): cpu = 00:00:00 ; elapsed = 00:00:00 . Memory (MB): peak = 1929.398 ; gain = 0.000
INFO: [Project 1-570] Preparing netlist for logic optimization

Processing XDC Constraints
Initializing timing engine
Parsing XDC File [c:/Users/Farhad/OneDrive - Universitatea Politehnica Bucuresti/Desktop/SEMESTRUL 1/CN2/segmente/segmente.gen/sources_1/bd/design_2/ip/design_2_seg_7_driver_0_0/design_2_seg_7_driver_0_0/design_2_seg_7_driver_0_0_in_context.xdc] for cell 'design_2_i/seg_7_driver_0'
Finished Parsing XDC File [c:/Users/Farhad/OneDrive - Universitatea Politehnica Bucuresti/Desktop/SEMESTRUL 1/CN2/segmente/segmente.gen/sources_1/bd/design_2/ip/design_2_seg_7_driver_0_0/design_2_seg_7_driver_0_0/design_2_seg_7_driver_0_0_in_context.xdc] for cell 'design_2_i/seg_7_driver_0'
Parsing XDC File [c:/Users/Farhad/OneDrive - Universitatea Politehnica Bucuresti/Desktop/SEMESTRUL 1/CN2/segmente/segmente.gen/sources_1/bd/design_2/ip/design_2_BinToBcd_0_0/design_2_BinToBcd_0_0/design_2_BinToBcd_0_0_in_context.xdc] for cell 'design_2_i/BinToBcd_0'
Finished Parsing XDC File [c:/Users/Farhad/OneDrive - Universitatea Politehnica Bucuresti/Desktop/SEMESTRUL 1/CN2/segmente/segmente.gen/sources_1/bd/design_2/ip/design_2_BinToBcd_0_0/design_2_BinToBcd_0_0/design_2_BinToBcd_0_0_in_context.xdc] for cell 'design_2_i/BinToBcd_0'
Parsing XDC File [c:/Users/Farhad/OneDrive - Universitatea Politehnica Bucuresti/Desktop/SEMESTRUL 1/CN2/segmente/segmente.gen/sources_1/bd/design_2/ip/design_2_seg_7_0_0/design_2_seg_7_0_0/design_2_seg_7_0_0_in_context.xdc] for cell 'design_2_i/seg_7_0'
Finished Parsing XDC File [c:/Users/Farhad/OneDrive - Universitatea Politehnica Bucuresti/Desktop/SEMESTRUL 1/CN2/segmente/segmente.gen/sources_1/bd/design_2/ip/design_2_seg_7_0_0/design_2_seg_7_0_0/design_2_seg_7_0_0_in_context.xdc] for cell 'design_2_i/seg_7_0'
Parsing XDC File [C:/Users/Farhad/OneDrive - Universitatea Politehnica Bucuresti/Desktop/SEMESTRUL 1/CN2/segmente/constrains.xdc]
Finished Parsing XDC File [C:/Users/Farhad/OneDrive - Universitatea Politehnica Bucuresti/Desktop/SEMESTRUL 1/CN2/segmente/constrains.xdc]
INFO: [Project 1-236] Implementation specific constraints were found while reading constraint file [C:/Users/Farhad/OneDrive - Universitatea Politehnica Bucuresti/Desktop/SEMESTRUL 1/CN2/segmente/constrains.xdc]. These constraints will be ignored for synthesis but will be used in implementation. Impacted constraints are listed in the file [.Xil/design_2_wrapper_propImpl.xdc].
Resolution: To avoid this warning, move constraints listed in [.Xil/design_2_wrapper_propImpl.xdc] to another XDC file and exclude this new file from synthesis with the used_in_synthesis property (File Properties dialog in GUI) and re-run elaboration/synthesis.
Parsing XDC File [C:/Users/Farhad/OneDrive - Universitatea Politehnica Bucuresti/Desktop/SEMESTRUL 1/CN2/segmente/segmente.runs/synth_1/dont_touch.xdc]
Finished Parsing XDC File [C:/Users/Farhad/OneDrive - Universitatea Politehnica Bucuresti/Desktop/SEMESTRUL 1/CN2/segmente/segmente.runs/synth_1/dont_touch.xdc]
Completed Processing XDC Constraints

Netlist sorting complete. Time (s): cpu = 00:00:00 ; elapsed = 00:00:00 . Memory (MB): peak = 1932.531 ; gain = 0.000
INFO: [Project 1-111] Unisim Transformation Summary:
No Unisim elements were transformed.

Constraint Validation Runtime : Time (s): cpu = 00:00:00 ; elapsed = 00:00:00.005 . Memory (MB): peak = 1932.531 ; gain = 0.000
INFO: [Designutils 20-5440] No compile time benefit to using incremental synthesis; A full resynthesis will be run
INFO: [Designutils 20-4379] Flow is switching to default flow due to incremental criteria not met. If you would like to alter this behaviour and have the flow terminate instead, please set the following parameter config_implementation {autoIncr.Synth.RejectBehavior Terminate}
INFO: [Synth 8-11241] undeclared symbol 'REGCCE', assumed default net type 'wire' [D:/Aplicatii/Vitis/Vivado/2022.2/data/verilog/src/unimacro/BRAM_SINGLE_MACRO.v:2170]
---------------------------------------------------------------------------------
Finished Constraint Validation : Time (s): cpu = 00:00:27 ; elapsed = 00:00:28 . Memory (MB): peak = 1932.531 ; gain = 500.984
---------------------------------------------------------------------------------
---------------------------------------------------------------------------------
Start Loading Part and Timing Information
---------------------------------------------------------------------------------
Loading part: xc7a100tcsg324-1
---------------------------------------------------------------------------------
Finished Loading Part and Timing Information : Time (s): cpu = 00:00:27 ; elapsed = 00:00:28 . Memory (MB): peak = 1932.531 ; gain = 500.984
---------------------------------------------------------------------------------
---------------------------------------------------------------------------------
Start Applying 'set_property' XDC Constraints
---------------------------------------------------------------------------------
Applied set_property KEEP_HIERARCHY = SOFT for design_2_i. (constraint file  auto generated constraint).
Applied set_property KEEP_HIERARCHY = SOFT for design_2_i/seg_7_driver_0. (constraint file  auto generated constraint).
Applied set_property KEEP_HIERARCHY = SOFT for design_2_i/BinToBcd_0. (constraint file  auto generated constraint).
Applied set_property KEEP_HIERARCHY = SOFT for design_2_i/seg_7_0. (constraint file  auto generated constraint).
---------------------------------------------------------------------------------
Finished applying 'set_property' XDC Constraints : Time (s): cpu = 00:00:27 ; elapsed = 00:00:28 . Memory (MB): peak = 1932.531 ; gain = 500.984
---------------------------------------------------------------------------------
---------------------------------------------------------------------------------
Finished RTL Optimization Phase 2 : Time (s): cpu = 00:00:27 ; elapsed = 00:00:28 . Memory (MB): peak = 1932.531 ; gain = 500.984
---------------------------------------------------------------------------------
---------------------------------------------------------------------------------
Start RTL Component Statistics 
---------------------------------------------------------------------------------
Detailed RTL Component Info : 
---------------------------------------------------------------------------------
Finished RTL Component Statistics 
---------------------------------------------------------------------------------
---------------------------------------------------------------------------------
Start Part Resource Summary
---------------------------------------------------------------------------------
Part Resources:
DSPs: 240 (col length:80)
BRAMs: 270 (col length: RAMB18 80 RAMB36 40)
---------------------------------------------------------------------------------
Finished Part Resource Summary
---------------------------------------------------------------------------------
---------------------------------------------------------------------------------
Start Cross Boundary and Area Optimization
---------------------------------------------------------------------------------
WARNING: [Synth 8-7080] Parallel synthesis criteria is not met
---------------------------------------------------------------------------------
Finished Cross Boundary and Area Optimization : Time (s): cpu = 00:00:31 ; elapsed = 00:00:32 . Memory (MB): peak = 1932.531 ; gain = 500.984
---------------------------------------------------------------------------------
---------------------------------------------------------------------------------
Start Applying XDC Timing Constraints
---------------------------------------------------------------------------------
---------------------------------------------------------------------------------
Finished Applying XDC Timing Constraints : Time (s): cpu = 00:00:41 ; elapsed = 00:00:42 . Memory (MB): peak = 1932.531 ; gain = 500.984
---------------------------------------------------------------------------------
---------------------------------------------------------------------------------
Start Timing Optimization
---------------------------------------------------------------------------------
---------------------------------------------------------------------------------
Finished Timing Optimization : Time (s): cpu = 00:00:41 ; elapsed = 00:00:42 . Memory (MB): peak = 1932.531 ; gain = 500.984
---------------------------------------------------------------------------------
---------------------------------------------------------------------------------
Start Technology Mapping
---------------------------------------------------------------------------------
---------------------------------------------------------------------------------
Finished Technology Mapping : Time (s): cpu = 00:00:41 ; elapsed = 00:00:42 . Memory (MB): peak = 1945.793 ; gain = 514.246
---------------------------------------------------------------------------------
---------------------------------------------------------------------------------
Start IO Insertion
---------------------------------------------------------------------------------
---------------------------------------------------------------------------------
Start Flattening Before IO Insertion
---------------------------------------------------------------------------------
---------------------------------------------------------------------------------
Finished Flattening Before IO Insertion
---------------------------------------------------------------------------------
---------------------------------------------------------------------------------
Start Final Netlist Cleanup
---------------------------------------------------------------------------------
---------------------------------------------------------------------------------
Finished Final Netlist Cleanup
---------------------------------------------------------------------------------
---------------------------------------------------------------------------------
Finished IO Insertion : Time (s): cpu = 00:00:50 ; elapsed = 00:00:52 . Memory (MB): peak = 1951.598 ; gain = 520.051
---------------------------------------------------------------------------------
---------------------------------------------------------------------------------
Start Renaming Generated Instances
---------------------------------------------------------------------------------
---------------------------------------------------------------------------------
Finished Renaming Generated Instances : Time (s): cpu = 00:00:50 ; elapsed = 00:00:52 . Memory (MB): peak = 1951.598 ; gain = 520.051
---------------------------------------------------------------------------------
---------------------------------------------------------------------------------
Start Rebuilding User Hierarchy
---------------------------------------------------------------------------------
---------------------------------------------------------------------------------
Finished Rebuilding User Hierarchy : Time (s): cpu = 00:00:50 ; elapsed = 00:00:52 . Memory (MB): peak = 1951.598 ; gain = 520.051
---------------------------------------------------------------------------------
---------------------------------------------------------------------------------
Start Renaming Generated Ports
---------------------------------------------------------------------------------
---------------------------------------------------------------------------------
Finished Renaming Generated Ports : Time (s): cpu = 00:00:50 ; elapsed = 00:00:52 . Memory (MB): peak = 1951.598 ; gain = 520.051
---------------------------------------------------------------------------------
---------------------------------------------------------------------------------
Start Handling Custom Attributes
---------------------------------------------------------------------------------
---------------------------------------------------------------------------------
Finished Handling Custom Attributes : Time (s): cpu = 00:00:50 ; elapsed = 00:00:52 . Memory (MB): peak = 1951.598 ; gain = 520.051
---------------------------------------------------------------------------------
---------------------------------------------------------------------------------
Start Renaming Generated Nets
---------------------------------------------------------------------------------
---------------------------------------------------------------------------------
Finished Renaming Generated Nets : Time (s): cpu = 00:00:50 ; elapsed = 00:00:52 . Memory (MB): peak = 1951.598 ; gain = 520.051
---------------------------------------------------------------------------------
---------------------------------------------------------------------------------
Start Writing Synthesis Report
---------------------------------------------------------------------------------

Report BlackBoxes: 
+------+--------------------------+----------+
|      |BlackBox name             |Instances |
+------+--------------------------+----------+
|1     |design_2_BinToBcd_0_0     |         1|
|2     |design_2_seg_7_0_0        |         1|
|3     |design_2_seg_7_driver_0_0 |         1|
+------+--------------------------+----------+

Report Cell Usage: 
+------+------------------------+------+
|      |Cell                    |Count |
+------+------------------------+------+
|1     |design_2_BinToBcd_0     |     1|
|2     |design_2_seg_7_0        |     1|
|3     |design_2_seg_7_driver_0 |     1|
|4     |IBUF                    |    10|
|5     |OBUF                    |    12|
+------+------------------------+------+
---------------------------------------------------------------------------------
Finished Writing Synthesis Report : Time (s): cpu = 00:00:50 ; elapsed = 00:00:52 . Memory (MB): peak = 1951.598 ; gain = 520.051
---------------------------------------------------------------------------------
Synthesis finished with 0 errors, 0 critical warnings and 1 warnings.
Synthesis Optimization Runtime : Time (s): cpu = 00:00:33 ; elapsed = 00:00:48 . Memory (MB): peak = 1951.598 ; gain = 516.918
Synthesis Optimization Complete : Time (s): cpu = 00:00:50 ; elapsed = 00:00:52 . Memory (MB): peak = 1951.598 ; gain = 520.051
INFO: [Project 1-571] Translating synthesized netlist
Netlist sorting complete. Time (s): cpu = 00:00:00 ; elapsed = 00:00:00 . Memory (MB): peak = 1963.672 ; gain = 0.000
INFO: [Project 1-570] Preparing netlist for logic optimization
INFO: [Opt 31-138] Pushed 0 inverter(s) to 0 load pin(s).
Netlist sorting complete. Time (s): cpu = 00:00:00 ; elapsed = 00:00:00 . Memory (MB): peak = 1970.246 ; gain = 0.000
INFO: [Project 1-111] Unisim Transformation Summary:
No Unisim elements were transformed.

Synth Design complete, checksum: 86419681
INFO: [Common 17-83] Releasing license: Synthesis
34 Infos, 1 Warnings, 0 Critical Warnings and 0 Errors encountered.
synth_design completed successfully
synth_design: Time (s): cpu = 00:00:58 ; elapsed = 00:01:01 . Memory (MB): peak = 1970.246 ; gain = 937.316
INFO: [Common 17-1381] The checkpoint 'C:/Users/Farhad/OneDrive - Universitatea Politehnica Bucuresti/Desktop/SEMESTRUL 1/CN2/segmente/segmente.runs/synth_1/design_2_wrapper.dcp' has been generated.
INFO: [runtcl-4] Executing : report_utilization -file design_2_wrapper_utilization_synth.rpt -pb design_2_wrapper_utilization_synth.pb
INFO: [Common 17-206] Exiting Vivado at Wed Jan 18 16:08:31 2023...
